<?xml version="1.0" encoding="UTF-8"?>
<testsuite xmlns:xsi="http://www.w3.org/2001/XMLSchema-instance" xsi:noNamespaceSchemaLocation="https://maven.apache.org/surefire/maven-surefire-plugin/xsd/surefire-test-report.xsd" name="com.hn.uth.testing_maven.AppTest" time="0.217" tests="18" errors="0" skipped="0" failures="0">
  <properties>
[...]
</properties>
  <testcase name="pruebaDivi1" classname="com.hn.uth.testing_maven.AppTest" time="0.016"/>
  <testcase name="pruebaDivi2" classname="com.hn.uth.testing_maven.AppTest" time="0"/>
  <testcase name="pruebaDivi3" classname="com.hn.uth.testing_maven.AppTest" time="0.001"/>
  <testcase name="pruebaSuma1" classname="com.hn.uth.testing_maven.AppTest" time="0"/>
  <testcase name="pruebaSuma2" classname="com.hn.uth.testing_maven.AppTest" time="0"/>
  <testcase name="pruebaSuma3" classname="com.hn.uth.testing_maven.AppTest" time="0.002"/>
  <testcase name="pruebaSuma4" classname="com.hn.uth.testing_maven.AppTest" time="0.002"/>
  <testcase name="pruebaSuma5" classname="com.hn.uth.testing_maven.AppTest" time="0.001"/>
  <testcase name="pruebaDivisionCero2" classname="com.hn.uth.testing_maven.AppTest" time="0"/>
  <testcase name="pruebaDivisionCero" classname="com.hn.uth.testing_maven.AppTest" time="0"/>
  <testcase name="pruebaMulti1" classname="com.hn.uth.testing_maven.AppTest" time="0"/>
  <testcase name="pruebaMulti2" classname="com.hn.uth.testing_maven.AppTest" time="0.001"/>
  <testcase name="pruebaMulti3" classname="com.hn.uth.testing_maven.AppTest" time="0.001"/>
  <testcase name="pruebaResta1" classname="com.hn.uth.testing_maven.AppTest" time="0"/>
  <testcase name="pruebaResta2" classname="com.hn.uth.testing_maven.AppTest" time="0.001"/>
  <testcase name="pruebaResta3" classname="com.hn.uth.testing_maven.AppTest" time="0.007"/>
  <testcase name="pruebaResta4" classname="com.hn.uth.testing_maven.AppTest" time="0.001"/>
  <testcase name="pruebaResta5" classname="com.hn.uth.testing_maven.AppTest" time="0.001"/>
</testsuite>